\BOOKMARK [1][-]{section.1}{abstract}{}% 1
\BOOKMARK [1][-]{section.2}{Introduction}{}% 2
\BOOKMARK [2][-]{subsection.2.1}{背景I - 大学の学び}{section.2}% 3
\BOOKMARK [2][-]{subsection.2.2}{背景II - 大学生は徒弟制を否定しがち}{section.2}% 4
\BOOKMARK [2][-]{subsection.2.3}{目的}{section.2}% 5
\BOOKMARK [1][-]{section.3}{徒弟制の見直し}{}% 6
\BOOKMARK [2][-]{subsection.3.1}{状況に埋め込まれた学習}{section.3}% 7
\BOOKMARK [2][-]{subsection.3.2}{AM/PM}{section.3}% 8
\BOOKMARK [2][-]{subsection.3.3}{PMの実践例と学生の受け止め方}{section.3}% 9
\BOOKMARK [1][-]{section.4}{卒論・ゼミ}{}% 10
\BOOKMARK [1][-]{section.5}{構築システムのアイデア}{}% 11
\BOOKMARK [2][-]{subsection.5.1}{新しい徒弟制と古い徒弟制，西谷研でどうするよ？}{section.5}% 12
\BOOKMARK [2][-]{subsection.5.2}{[o] 日報}{section.5}% 13
\BOOKMARK [2][-]{subsection.5.3}{[x] 罰を与える？　}{section.5}% 14
\BOOKMARK [2][-]{subsection.5.4}{[o] ペアプロ}{section.5}% 15
\BOOKMARK [2][-]{subsection.5.5}{[o] スタンプ集め}{section.5}% 16
\BOOKMARK [2][-]{subsection.5.6}{[ ] チームによる課題達成}{section.5}% 17
\BOOKMARK [2][-]{subsection.5.7}{[ ] 卒業研究や授業の課題において，その過程が重要である．}{section.5}% 18
\BOOKMARK [2][-]{subsection.5.8}{[ ] スイッチ}{section.5}% 19
\BOOKMARK [2][-]{subsection.5.9}{[o] org-mode = 便利なmark down}{section.5}% 20
\BOOKMARK [2][-]{subsection.5.10}{[o] my\137help == 直交補空間}{section.5}% 21
\BOOKMARK [2][-]{subsection.5.11}{[x] repl == jupyter notebook}{section.5}% 22
\BOOKMARK [2][-]{subsection.5.12}{[o] jekyll == 晒すと何がいい？}{section.5}% 23
\BOOKMARK [1][-]{section.6}{ornbの仕様}{}% 24
